<?xml version="1.0" encoding="UTF-8"?>
<!-- Generated by org.testng.reporters.JUnitReportReporter -->
<testsuite skipped="0" hostname="u" name="runner.TestRunner" tests="1" failures="0" timestamp="03 Aug 2017 05:29:00 GMT" time="5.010" errors="0">
  <testcase name="feature" time="5.010" classname="runner.TestRunner"/>
</testsuite> <!-- runner.TestRunner -->
